[13-Aug-2013 12:00:43] PHP Warning:  include(_scripts.html): failed to open stream: No such file or directory in /var/lib/stickshift/520a3e3b5973ca77240006ed/app-root/data/583186/Donors/index.php on line 3
[13-Aug-2013 12:00:50] PHP Stack trace:
[13-Aug-2013 12:00:50] PHP   1. {main}() /var/lib/stickshift/520a3e3b5973ca77240006ed/app-root/data/583186/Donors/index.php:0
[13-Aug-2013 12:00:50] PHP Warning:  include(): Failed opening '_scripts.html' for inclusion (include_path='.:/usr/share/pear:/usr/share/php') in /var/lib/stickshift/520a3e3b5973ca77240006ed/app-root/data/583186/Donors/index.php on line 3
[13-Aug-2013 12:00:50] PHP Stack trace:
[13-Aug-2013 12:00:50] PHP   1. {main}() /var/lib/stickshift/520a3e3b5973ca77240006ed/app-root/data/583186/Donors/index.php:0
[13-Aug-2013 12:00:50] PHP Warning:  include(_header.html): failed to open stream: No such file or directory in /var/lib/stickshift/520a3e3b5973ca77240006ed/app-root/data/583186/Donors/index.php on line 12
[13-Aug-2013 12:00:50] PHP Stack trace:
[13-Aug-2013 12:00:50] PHP   1. {main}() /var/lib/stickshift/520a3e3b5973ca77240006ed/app-root/data/583186/Donors/index.php:0
[13-Aug-2013 12:00:50] PHP Warning:  include(): Failed opening '_header.html' for inclusion (include_path='.:/usr/share/pear:/usr/share/php') in /var/lib/stickshift/520a3e3b5973ca77240006ed/app-root/data/583186/Donors/index.php on line 12
[13-Aug-2013 12:00:50] PHP Stack trace:
[13-Aug-2013 12:00:50] PHP   1. {main}() /var/lib/stickshift/520a3e3b5973ca77240006ed/app-root/data/583186/Donors/index.php:0
[13-Aug-2013 12:00:50] PHP Warning:  include(_footer.html): failed to open stream: No such file or directory in /var/lib/stickshift/520a3e3b5973ca77240006ed/app-root/data/583186/Donors/index.php on line 21
[13-Aug-2013 12:00:50] PHP Stack trace:
[13-Aug-2013 12:00:50] PHP   1. {main}() /var/lib/stickshift/520a3e3b5973ca77240006ed/app-root/data/583186/Donors/index.php:0
[13-Aug-2013 12:00:50] PHP Warning:  include(): Failed opening '_footer.html' for inclusion (include_path='.:/usr/share/pear:/usr/share/php') in /var/lib/stickshift/520a3e3b5973ca77240006ed/app-root/data/583186/Donors/index.php on line 21
[13-Aug-2013 12:00:50] PHP Stack trace:
[13-Aug-2013 12:00:50] PHP   1. {main}() /var/lib/stickshift/520a3e3b5973ca77240006ed/app-root/data/583186/Donors/index.php:0
[13-Aug-2013 12:00:54] PHP Warning:  include(_scripts.html): failed to open stream: No such file or directory in /var/lib/stickshift/520a3e3b5973ca77240006ed/app-root/data/583186/Donors/index.php on line 3
[13-Aug-2013 12:00:54] PHP Stack trace:
[13-Aug-2013 12:00:54] PHP   1. {main}() /var/lib/stickshift/520a3e3b5973ca77240006ed/app-root/data/583186/Donors/index.php:0
[13-Aug-2013 12:00:54] PHP Warning:  include(): Failed opening '_scripts.html' for inclusion (include_path='.:/usr/share/pear:/usr/share/php') in /var/lib/stickshift/520a3e3b5973ca77240006ed/app-root/data/583186/Donors/index.php on line 3
[13-Aug-2013 12:00:54] PHP Stack trace:
[13-Aug-2013 12:00:54] PHP   1. {main}() /var/lib/stickshift/520a3e3b5973ca77240006ed/app-root/data/583186/Donors/index.php:0
[13-Aug-2013 12:00:54] PHP Warning:  include(_header.html): failed to open stream: No such file or directory in /var/lib/stickshift/520a3e3b5973ca77240006ed/app-root/data/583186/Donors/index.php on line 12
[13-Aug-2013 12:00:54] PHP Stack trace:
[13-Aug-2013 12:00:54] PHP   1. {main}() /var/lib/stickshift/520a3e3b5973ca77240006ed/app-root/data/583186/Donors/index.php:0
[13-Aug-2013 12:00:54] PHP Warning:  include(): Failed opening '_header.html' for inclusion (include_path='.:/usr/share/pear:/usr/share/php') in /var/lib/stickshift/520a3e3b5973ca77240006ed/app-root/data/583186/Donors/index.php on line 12
[13-Aug-2013 12:00:54] PHP Stack trace:
[13-Aug-2013 12:00:54] PHP   1. {main}() /var/lib/stickshift/520a3e3b5973ca77240006ed/app-root/data/583186/Donors/index.php:0
[13-Aug-2013 12:00:54] PHP Warning:  include(_footer.html): failed to open stream: No such file or directory in /var/lib/stickshift/520a3e3b5973ca77240006ed/app-root/data/583186/Donors/index.php on line 21
[13-Aug-2013 12:00:54] PHP Stack trace:
[13-Aug-2013 12:00:54] PHP   1. {main}() /var/lib/stickshift/520a3e3b5973ca77240006ed/app-root/data/583186/Donors/index.php:0
[13-Aug-2013 12:00:54] PHP Warning:  include(): Failed opening '_footer.html' for inclusion (include_path='.:/usr/share/pear:/usr/share/php') in /var/lib/stickshift/520a3e3b5973ca77240006ed/app-root/data/583186/Donors/index.php on line 21
[13-Aug-2013 12:00:54] PHP Stack trace:
[13-Aug-2013 12:00:54] PHP   1. {main}() /var/lib/stickshift/520a3e3b5973ca77240006ed/app-root/data/583186/Donors/index.php:0
[13-Aug-2013 12:01:25] PHP Warning:  include(/_scripts.html): failed to open stream: No such file or directory in /var/lib/stickshift/520a3e3b5973ca77240006ed/app-root/data/583186/Donors/index.php on line 3
[13-Aug-2013 12:01:25] PHP Stack trace:
[13-Aug-2013 12:01:25] PHP   1. {main}() /var/lib/stickshift/520a3e3b5973ca77240006ed/app-root/data/583186/Donors/index.php:0
[13-Aug-2013 12:01:25] PHP Warning:  include(): Failed opening '/_scripts.html' for inclusion (include_path='.:/usr/share/pear:/usr/share/php') in /var/lib/stickshift/520a3e3b5973ca77240006ed/app-root/data/583186/Donors/index.php on line 3
[13-Aug-2013 12:01:25] PHP Stack trace:
[13-Aug-2013 12:01:25] PHP   1. {main}() /var/lib/stickshift/520a3e3b5973ca77240006ed/app-root/data/583186/Donors/index.php:0
[13-Aug-2013 12:01:25] PHP Warning:  include(/_header.html): failed to open stream: No such file or directory in /var/lib/stickshift/520a3e3b5973ca77240006ed/app-root/data/583186/Donors/index.php on line 12
[13-Aug-2013 12:01:25] PHP Stack trace:
[13-Aug-2013 12:01:25] PHP   1. {main}() /var/lib/stickshift/520a3e3b5973ca77240006ed/app-root/data/583186/Donors/index.php:0
[13-Aug-2013 12:01:25] PHP Warning:  include(): Failed opening '/_header.html' for inclusion (include_path='.:/usr/share/pear:/usr/share/php') in /var/lib/stickshift/520a3e3b5973ca77240006ed/app-root/data/583186/Donors/index.php on line 12
[13-Aug-2013 12:01:25] PHP Stack trace:
[13-Aug-2013 12:01:25] PHP   1. {main}() /var/lib/stickshift/520a3e3b5973ca77240006ed/app-root/data/583186/Donors/index.php:0
[13-Aug-2013 12:01:25] PHP Warning:  include(/_footer.html): failed to open stream: No such file or directory in /var/lib/stickshift/520a3e3b5973ca77240006ed/app-root/data/583186/Donors/index.php on line 21
[13-Aug-2013 12:01:25] PHP Stack trace:
[13-Aug-2013 12:01:25] PHP   1. {main}() /var/lib/stickshift/520a3e3b5973ca77240006ed/app-root/data/583186/Donors/index.php:0
[13-Aug-2013 12:01:25] PHP Warning:  include(): Failed opening '/_footer.html' for inclusion (include_path='.:/usr/share/pear:/usr/share/php') in /var/lib/stickshift/520a3e3b5973ca77240006ed/app-root/data/583186/Donors/index.php on line 21
[13-Aug-2013 12:01:25] PHP Stack trace:
[13-Aug-2013 12:01:25] PHP   1. {main}() /var/lib/stickshift/520a3e3b5973ca77240006ed/app-root/data/583186/Donors/index.php:0
[13-Aug-2013 12:01:30] PHP Warning:  include(/_scripts.html): failed to open stream: No such file or directory in /var/lib/stickshift/520a3e3b5973ca77240006ed/app-root/data/583186/Donors/index.php on line 3
[13-Aug-2013 12:01:30] PHP Stack trace:
[13-Aug-2013 12:01:30] PHP   1. {main}() /var/lib/stickshift/520a3e3b5973ca77240006ed/app-root/data/583186/Donors/index.php:0
[13-Aug-2013 12:01:30] PHP Warning:  include(): Failed opening '/_scripts.html' for inclusion (include_path='.:/usr/share/pear:/usr/share/php') in /var/lib/stickshift/520a3e3b5973ca77240006ed/app-root/data/583186/Donors/index.php on line 3
[13-Aug-2013 12:01:30] PHP Stack trace:
[13-Aug-2013 12:01:30] PHP   1. {main}() /var/lib/stickshift/520a3e3b5973ca77240006ed/app-root/data/583186/Donors/index.php:0
[13-Aug-2013 12:01:30] PHP Warning:  include(/_header.html): failed to open stream: No such file or directory in /var/lib/stickshift/520a3e3b5973ca77240006ed/app-root/data/583186/Donors/index.php on line 12
[13-Aug-2013 12:01:30] PHP Stack trace:
[13-Aug-2013 12:01:30] PHP   1. {main}() /var/lib/stickshift/520a3e3b5973ca77240006ed/app-root/data/583186/Donors/index.php:0
[13-Aug-2013 12:01:30] PHP Warning:  include(): Failed opening '/_header.html' for inclusion (include_path='.:/usr/share/pear:/usr/share/php') in /var/lib/stickshift/520a3e3b5973ca77240006ed/app-root/data/583186/Donors/index.php on line 12
[13-Aug-2013 12:01:30] PHP Stack trace:
[13-Aug-2013 12:01:30] PHP   1. {main}() /var/lib/stickshift/520a3e3b5973ca77240006ed/app-root/data/583186/Donors/index.php:0
[13-Aug-2013 12:01:30] PHP Warning:  include(/_footer.html): failed to open stream: No such file or directory in /var/lib/stickshift/520a3e3b5973ca77240006ed/app-root/data/583186/Donors/index.php on line 21
[13-Aug-2013 12:01:30] PHP Stack trace:
[13-Aug-2013 12:01:30] PHP   1. {main}() /var/lib/stickshift/520a3e3b5973ca77240006ed/app-root/data/583186/Donors/index.php:0
[13-Aug-2013 12:01:30] PHP Warning:  include(): Failed opening '/_footer.html' for inclusion (include_path='.:/usr/share/pear:/usr/share/php') in /var/lib/stickshift/520a3e3b5973ca77240006ed/app-root/data/583186/Donors/index.php on line 21
[13-Aug-2013 12:01:30] PHP Stack trace:
[13-Aug-2013 12:01:30] PHP   1. {main}() /var/lib/stickshift/520a3e3b5973ca77240006ed/app-root/data/583186/Donors/index.php:0
[13-Aug-2013 12:01:37] PHP Warning:  include(/_header.html): failed to open stream: No such file or directory in /var/lib/stickshift/520a3e3b5973ca77240006ed/app-root/data/583186/Donors/index.php on line 12
[13-Aug-2013 12:01:37] PHP Stack trace:
[13-Aug-2013 12:01:37] PHP   1. {main}() /var/lib/stickshift/520a3e3b5973ca77240006ed/app-root/data/583186/Donors/index.php:0
[13-Aug-2013 12:01:37] PHP Warning:  include(): Failed opening '/_header.html' for inclusion (include_path='.:/usr/share/pear:/usr/share/php') in /var/lib/stickshift/520a3e3b5973ca77240006ed/app-root/data/583186/Donors/index.php on line 12
[13-Aug-2013 12:01:37] PHP Stack trace:
[13-Aug-2013 12:01:37] PHP   1. {main}() /var/lib/stickshift/520a3e3b5973ca77240006ed/app-root/data/583186/Donors/index.php:0
[13-Aug-2013 12:01:37] PHP Warning:  include(/_footer.html): failed to open stream: No such file or directory in /var/lib/stickshift/520a3e3b5973ca77240006ed/app-root/data/583186/Donors/index.php on line 21
[13-Aug-2013 12:01:37] PHP Stack trace:
[13-Aug-2013 12:01:37] PHP   1. {main}() /var/lib/stickshift/520a3e3b5973ca77240006ed/app-root/data/583186/Donors/index.php:0
[13-Aug-2013 12:01:37] PHP Warning:  include(): Failed opening '/_footer.html' for inclusion (include_path='.:/usr/share/pear:/usr/share/php') in /var/lib/stickshift/520a3e3b5973ca77240006ed/app-root/data/583186/Donors/index.php on line 21
[13-Aug-2013 12:01:37] PHP Stack trace:
[13-Aug-2013 12:01:37] PHP   1. {main}() /var/lib/stickshift/520a3e3b5973ca77240006ed/app-root/data/583186/Donors/index.php:0
[13-Aug-2013 12:01:55] PHP Warning:  include(./_scripts.html): failed to open stream: No such file or directory in /var/lib/stickshift/520a3e3b5973ca77240006ed/app-root/data/583186/Donors/index.php on line 3
[13-Aug-2013 12:01:55] PHP Stack trace:
[13-Aug-2013 12:01:55] PHP   1. {main}() /var/lib/stickshift/520a3e3b5973ca77240006ed/app-root/data/583186/Donors/index.php:0
[13-Aug-2013 12:01:55] PHP Warning:  include(): Failed opening './_scripts.html' for inclusion (include_path='.:/usr/share/pear:/usr/share/php') in /var/lib/stickshift/520a3e3b5973ca77240006ed/app-root/data/583186/Donors/index.php on line 3
[13-Aug-2013 12:01:55] PHP Stack trace:
[13-Aug-2013 12:01:55] PHP   1. {main}() /var/lib/stickshift/520a3e3b5973ca77240006ed/app-root/data/583186/Donors/index.php:0
[13-Aug-2013 12:01:55] PHP Warning:  include(./_header.html): failed to open stream: No such file or directory in /var/lib/stickshift/520a3e3b5973ca77240006ed/app-root/data/583186/Donors/index.php on line 12
[13-Aug-2013 12:01:55] PHP Stack trace:
[13-Aug-2013 12:01:55] PHP   1. {main}() /var/lib/stickshift/520a3e3b5973ca77240006ed/app-root/data/583186/Donors/index.php:0
[13-Aug-2013 12:01:55] PHP Warning:  include(): Failed opening './_header.html' for inclusion (include_path='.:/usr/share/pear:/usr/share/php') in /var/lib/stickshift/520a3e3b5973ca77240006ed/app-root/data/583186/Donors/index.php on line 12
[13-Aug-2013 12:01:55] PHP Stack trace:
[13-Aug-2013 12:01:55] PHP   1. {main}() /var/lib/stickshift/520a3e3b5973ca77240006ed/app-root/data/583186/Donors/index.php:0
[13-Aug-2013 12:01:55] PHP Warning:  include(/_footer.html): failed to open stream: No such file or directory in /var/lib/stickshift/520a3e3b5973ca77240006ed/app-root/data/583186/Donors/index.php on line 21
[13-Aug-2013 12:01:55] PHP Stack trace:
[13-Aug-2013 12:01:55] PHP   1. {main}() /var/lib/stickshift/520a3e3b5973ca77240006ed/app-root/data/583186/Donors/index.php:0
[13-Aug-2013 12:01:55] PHP Warning:  include(): Failed opening '/_footer.html' for inclusion (include_path='.:/usr/share/pear:/usr/share/php') in /var/lib/stickshift/520a3e3b5973ca77240006ed/app-root/data/583186/Donors/index.php on line 21
[13-Aug-2013 12:01:55] PHP Stack trace:
[13-Aug-2013 12:01:55] PHP   1. {main}() /var/lib/stickshift/520a3e3b5973ca77240006ed/app-root/data/583186/Donors/index.php:0
